<?xml version="1.0" encoding="UTF-8"?>
<!-- Generated by org.testng.reporters.JUnitReportReporter -->
<testsuite hostname="DESKTOP-5FP1T4C" failures="0" tests="4" name="org.karkakasadara.tests.viewelog.Ceo" time="15.733" errors="0" timestamp="2024-11-19T13:23:51 IST" skipped="0">
  <testcase classname="org.karkakasadara.tests.viewelog.Ceo" name="loginAsAco" time="2.516"/>
  <system-out/>
  <testcase classname="org.karkakasadara.tests.viewelog.Ceo" name="clickViewHomework" time="0.513"/>
  <system-out/>
  <testcase classname="org.karkakasadara.tests.viewelog.Ceo" name="selectFields" time="2.407"/>
  <system-out/>
  <testcase classname="org.karkakasadara.tests.viewelog.Ceo" name="displayElogRecords" time="10.297"/>
  <system-out/>
</testsuite> <!-- org.karkakasadara.tests.viewelog.Ceo -->
