<?xml version="1.0" encoding="UTF-8"?>
<!-- Generated by org.testng.reporters.JUnitReportReporter -->
<testsuite hostname="DESKTOP-5FP1T4C" failures="0" tests="4" name="org.karkakasadara.tests.viewelog.Cao" time="15.611" errors="0" timestamp="2024-11-19T13:21:56 IST" skipped="0">
  <testcase classname="org.karkakasadara.tests.viewelog.Cao" name="loginAsAco" time="2.572"/>
  <system-out/>
  <testcase classname="org.karkakasadara.tests.viewelog.Cao" name="clickViewHomework" time="0.519"/>
  <system-out/>
  <testcase classname="org.karkakasadara.tests.viewelog.Cao" name="selectFields" time="2.198"/>
  <system-out/>
  <testcase classname="org.karkakasadara.tests.viewelog.Cao" name="displayElogRecords" time="10.322"/>
  <system-out/>
</testsuite> <!-- org.karkakasadara.tests.viewelog.Cao -->
