<?xml version="1.0" encoding="UTF-8"?>
<!-- Generated by org.testng.reporters.JUnitReportReporter -->
<testsuite hostname="DESKTOP-5FP1T4C" failures="0" tests="3" name="org.karkakasadara.tests.viewannouncements.Principal" time="4.604" errors="0" timestamp="2024-11-04T16:59:31 IST" skipped="0">
  <testcase classname="org.karkakasadara.tests.viewannouncements.Principal" name="loginAsAco" time="2.977"/>
  <system-out/>
  <testcase classname="org.karkakasadara.tests.viewannouncements.Principal" name="clickViewCircular" time="0.493"/>
  <system-out/>
  <testcase classname="org.karkakasadara.tests.viewannouncements.Principal" name="displayTodayAnnouncementRecords" time="1.134"/>
  <system-out/>
</testsuite> <!-- org.karkakasadara.tests.viewannouncements.Principal -->
