<?xml version="1.0" encoding="UTF-8"?>
<!-- Generated by org.testng.reporters.JUnitReportReporter -->
<testsuite hostname="DESKTOP-5FP1T4C" failures="0" tests="4" name="org.karkakasadara.tests.viewallhomework.AcoRole" time="15.451" errors="0" timestamp="2024-11-19T12:59:57 IST" skipped="0">
  <testcase classname="org.karkakasadara.tests.viewallhomework.AcoRole" name="loginAsAco" time="3.063"/>
  <system-out/>
  <testcase classname="org.karkakasadara.tests.viewallhomework.AcoRole" name="clickViewHomework" time="0.510"/>
  <system-out/>
  <testcase classname="org.karkakasadara.tests.viewallhomework.AcoRole" name="selectDateFromCalendar" time="1.579"/>
  <system-out/>
  <testcase classname="org.karkakasadara.tests.viewallhomework.AcoRole" name="displayHomeworkRecords" time="10.299"/>
  <system-out/>
</testsuite> <!-- org.karkakasadara.tests.viewallhomework.AcoRole -->
