<?xml version="1.0" encoding="UTF-8"?>
<!-- Generated by org.testng.reporters.JUnitReportReporter -->
<testsuite hostname="DESKTOP-5FP1T4C" failures="0" tests="4" name="org.karkakasadara.tests.viewelog.Cscoordinator" time="12.504" errors="0" timestamp="2024-11-19T13:28:12 IST" skipped="0">
  <testcase classname="org.karkakasadara.tests.viewelog.Cscoordinator" name="loginAsAco" time="2.527"/>
  <system-out/>
  <testcase classname="org.karkakasadara.tests.viewelog.Cscoordinator" name="clickViewHomework" time="0.525"/>
  <system-out/>
  <testcase classname="org.karkakasadara.tests.viewelog.Cscoordinator" name="selectFields" time="2.196"/>
  <system-out/>
  <testcase classname="org.karkakasadara.tests.viewelog.Cscoordinator" name="displayElogRecords" time="7.256"/>
  <system-out/>
</testsuite> <!-- org.karkakasadara.tests.viewelog.Cscoordinator -->
