<?xml version="1.0" encoding="UTF-8"?>
<!-- Generated by org.testng.reporters.JUnitReportReporter -->
<testsuite hostname="DESKTOP-5FP1T4C" failures="0" tests="4" name="org.karkakasadara.tests.postcircular.Cscoordinator" time="4.150" errors="0" timestamp="2024-11-05T10:22:45 IST" skipped="0">
  <testcase classname="org.karkakasadara.tests.postcircular.Cscoordinator" name="loginAsCscoordinator" time="2.447"/>
  <system-out/>
  <testcase classname="org.karkakasadara.tests.postcircular.Cscoordinator" name="clickPostCircular" time="0.262"/>
  <system-out/>
  <testcase classname="org.karkakasadara.tests.postcircular.Cscoordinator" name="enterFields" time="1.215"/>
  <system-out/>
  <testcase classname="org.karkakasadara.tests.postcircular.Cscoordinator" name="clickOnSubmit" time="0.226"/>
  <system-out/>
</testsuite> <!-- org.karkakasadara.tests.postcircular.Cscoordinator -->
