<?xml version="1.0" encoding="UTF-8"?>
<!-- Generated by org.testng.reporters.JUnitReportReporter -->
<testsuite hostname="DESKTOP-5FP1T4C" failures="0" tests="3" name="org.karkakasadara.tests.reviewhomework.AcoRole" time="13.815" errors="0" timestamp="2024-11-19T12:41:49 IST" skipped="0">
  <testcase classname="org.karkakasadara.tests.reviewhomework.AcoRole" name="loginAsAco" time="2.999"/>
  <system-out/>
  <testcase classname="org.karkakasadara.tests.reviewhomework.AcoRole" name="clickReviewHomework" time="0.507"/>
  <system-out/>
  <testcase classname="org.karkakasadara.tests.reviewhomework.AcoRole" name="clickOnEachGrade" time="10.309"/>
  <system-out/>
</testsuite> <!-- org.karkakasadara.tests.reviewhomework.AcoRole -->
