<?xml version="1.0" encoding="UTF-8"?>
<!-- Generated by org.testng.reporters.JUnitReportReporter -->
<testsuite hostname="DESKTOP-5FP1T4C" failures="0" tests="3" name="org.karkakasadara.tests.viewdlm.KgClassTeacher" time="6.887" errors="0" timestamp="2024-11-19T16:44:23 IST" skipped="0">
  <testcase classname="org.karkakasadara.tests.viewdlm.KgClassTeacher" name="loginAsAco" time="2.421"/>
  <system-out/>
  <testcase classname="org.karkakasadara.tests.viewdlm.KgClassTeacher" name="clickViewHomework" time="0.268"/>
  <system-out/>
  <testcase classname="org.karkakasadara.tests.viewdlm.KgClassTeacher" name="displayDlmRecords" time="4.198"/>
  <system-out/>
</testsuite> <!-- org.karkakasadara.tests.viewdlm.KgClassTeacher -->
