<?xml version="1.0" encoding="UTF-8"?>
<!-- Generated by org.testng.reporters.JUnitReportReporter -->
<testsuite hostname="DESKTOP-5FP1T4C" failures="0" tests="3" name="normalcode.ReviewHomework" time="13.947" errors="0" timestamp="2024-11-09T12:23:49 IST" skipped="0">
  <testcase classname="normalcode.ReviewHomework" name="loginAsAco" time="3.136"/>
  <system-out/>
  <testcase classname="normalcode.ReviewHomework" name="clickReviewHomework" time="0.484"/>
  <system-out/>
  <testcase classname="normalcode.ReviewHomework" name="clickOnEachGrade" time="10.327"/>
  <system-out/>
</testsuite> <!-- normalcode.ReviewHomework -->
