<?xml version="1.0" encoding="UTF-8"?>
<!-- Generated by org.testng.reporters.JUnitReportReporter -->
<testsuite hostname="DESKTOP-5FP1T4C" failures="0" tests="6" name="org.karkakasadara.tests.assignhomework.Principal" time="7.680" errors="0" timestamp="2024-11-05T15:31:37 IST" skipped="0">
  <testcase classname="org.karkakasadara.tests.assignhomework.Principal" name="loginAsPrincipal" time="3.162"/>
  <system-out/>
  <testcase classname="org.karkakasadara.tests.assignhomework.Principal" name="clickViewCircular" time="0.489"/>
  <system-out/>
  <testcase classname="org.karkakasadara.tests.assignhomework.Principal" name="selectDateFromCalendar" time="1.267"/>
  <system-out/>
  <testcase classname="org.karkakasadara.tests.assignhomework.Principal" name="chooseOptions" time="2.433"/>
  <system-out/>
  <testcase classname="org.karkakasadara.tests.assignhomework.Principal" name="passMessage" time="0.328"/>
  <system-out/>
  <testcase classname="org.karkakasadara.tests.assignhomework.Principal" name="clickProceed" time="0.001"/>
  <system-out/>
</testsuite> <!-- org.karkakasadara.tests.assignhomework.Principal -->
