<?xml version="1.0" encoding="UTF-8"?>
<!-- Generated by org.testng.reporters.JUnitReportReporter -->
<testsuite hostname="DESKTOP-5FP1T4C" failures="0" tests="3" name="org.karkakasadara.tests.viewannouncements.Cscoordinator" time="4.599" errors="0" timestamp="2024-11-04T17:21:55 IST" skipped="0">
  <testcase classname="org.karkakasadara.tests.viewannouncements.Cscoordinator" name="loginAsAco" time="2.706"/>
  <system-out/>
  <testcase classname="org.karkakasadara.tests.viewannouncements.Cscoordinator" name="clickViewCircular" time="0.292"/>
  <system-out/>
  <testcase classname="org.karkakasadara.tests.viewannouncements.Cscoordinator" name="displayTodayAnnouncementRecords" time="1.601"/>
  <system-out/>
</testsuite> <!-- org.karkakasadara.tests.viewannouncements.Cscoordinator -->
