<?xml version="1.0" encoding="UTF-8"?>
<!-- Generated by org.testng.reporters.JUnitReportReporter -->
<testsuite hostname="DESKTOP-5FP1T4C" failures="0" tests="3" name="org.karkakasadara.tests.viewelog.ClassTeacher" time="5.532" errors="0" timestamp="2024-11-19T13:25:09 IST" skipped="0">
  <testcase classname="org.karkakasadara.tests.viewelog.ClassTeacher" name="loginAsAco" time="2.537"/>
  <system-out/>
  <testcase classname="org.karkakasadara.tests.viewelog.ClassTeacher" name="clickViewElog" time="0.278"/>
  <system-out/>
  <testcase classname="org.karkakasadara.tests.viewelog.ClassTeacher" name="displayElogRecords" time="2.717"/>
  <system-out/>
</testsuite> <!-- org.karkakasadara.tests.viewelog.ClassTeacher -->
