<?xml version="1.0" encoding="UTF-8"?>
<!-- Generated by org.testng.reporters.JUnitReportReporter -->
<testsuite hostname="DESKTOP-5FP1T4C" failures="0" tests="6" name="org.karkakasadara.tests.assignhomework.AcoRole" time="7.924" errors="0" timestamp="2024-11-05T14:43:24 IST" skipped="0">
  <testcase classname="org.karkakasadara.tests.assignhomework.AcoRole" name="loginAsAco" time="3.229"/>
  <system-out/>
  <testcase classname="org.karkakasadara.tests.assignhomework.AcoRole" name="clickViewCircular" time="0.522"/>
  <system-out/>
  <testcase classname="org.karkakasadara.tests.assignhomework.AcoRole" name="selectDateFromCalendar" time="1.328"/>
  <system-out/>
  <testcase classname="org.karkakasadara.tests.assignhomework.AcoRole" name="chooseOptions" time="2.477"/>
  <system-out/>
  <testcase classname="org.karkakasadara.tests.assignhomework.AcoRole" name="passMessage" time="0.366"/>
  <system-out/>
  <testcase classname="org.karkakasadara.tests.assignhomework.AcoRole" name="clickProceed" time="0.002"/>
  <system-out/>
</testsuite> <!-- org.karkakasadara.tests.assignhomework.AcoRole -->
