<?xml version="1.0" encoding="UTF-8"?>
<!-- Generated by org.testng.reporters.JUnitReportReporter -->
<testsuite hostname="DESKTOP-5FP1T4C" failures="0" tests="3" name="normalcode.ViewHomework" time="89.169" errors="0" timestamp="2024-11-18T09:21:59 IST" skipped="0">
  <testcase classname="normalcode.ViewHomework" name="loginAsAco" time="3.466"/>
  <system-out/>
  <testcase classname="normalcode.ViewHomework" name="clickViewCircular" time="0.499"/>
  <system-out/>
  <testcase classname="normalcode.ViewHomework" name="displayTodayHomeworkRecords" time="85.204"/>
  <system-out/>
</testsuite> <!-- normalcode.ViewHomework -->
