<?xml version="1.0" encoding="UTF-8"?>
<!-- Generated by org.testng.reporters.JUnitReportReporter -->
<testsuite hostname="DESKTOP-5FP1T4C" failures="0" tests="3" name="org.karkakasadara.tests.viewhomework.Principal" time="46.277" errors="0" timestamp="2024-11-19T12:25:53 IST" skipped="0">
  <testcase classname="org.karkakasadara.tests.viewhomework.Principal" name="loginAsPrincipal" time="3.009"/>
  <system-out/>
  <testcase classname="org.karkakasadara.tests.viewhomework.Principal" name="clickViewHomework" time="0.493"/>
  <system-out/>
  <testcase classname="org.karkakasadara.tests.viewhomework.Principal" name="displayHomeworkRecords" time="42.775"/>
  <system-out/>
</testsuite> <!-- org.karkakasadara.tests.viewhomework.Principal -->
