<?xml version="1.0" encoding="UTF-8"?>
<!-- Generated by org.testng.reporters.JUnitReportReporter -->
<testsuite hostname="DESKTOP-5FP1T4C" failures="0" tests="5" name="org.karkakasadara.tests.previouselog.Cao" time="7.820" errors="0" timestamp="2024-11-20T16:20:12 IST" skipped="0">
  <testcase classname="org.karkakasadara.tests.previouselog.Cao" name="loginAsAco" time="1.867"/>
  <system-out/>
  <testcase classname="org.karkakasadara.tests.previouselog.Cao" name="clickViewHomework" time="0.548"/>
  <system-out/>
  <testcase classname="org.karkakasadara.tests.previouselog.Cao" name="selectFields" time="2.755"/>
  <system-out/>
  <testcase classname="org.karkakasadara.tests.previouselog.Cao" name="selectDate" time="0.528"/>
  <system-out/>
  <testcase classname="org.karkakasadara.tests.previouselog.Cao" name="displayPreviousElogRecords" time="2.122"/>
  <system-out/>
</testsuite> <!-- org.karkakasadara.tests.previouselog.Cao -->
