<?xml version="1.0" encoding="UTF-8"?>
<!-- Generated by org.testng.reporters.JUnitReportReporter -->
<testsuite hostname="DESKTOP-5FP1T4C" failures="0" tests="4" name="org.karkakasadara.tests.postcircular.PrincipalRole" time="5.001" errors="0" timestamp="2024-11-05T10:18:26 IST" skipped="0">
  <testcase classname="org.karkakasadara.tests.postcircular.PrincipalRole" name="loginAsAco" time="3.072"/>
  <system-out/>
  <testcase classname="org.karkakasadara.tests.postcircular.PrincipalRole" name="clickPostCircular" time="0.472"/>
  <system-out/>
  <testcase classname="org.karkakasadara.tests.postcircular.PrincipalRole" name="enterFields" time="1.221"/>
  <system-out/>
  <testcase classname="org.karkakasadara.tests.postcircular.PrincipalRole" name="clickOnSubmit" time="0.236"/>
  <system-out/>
</testsuite> <!-- org.karkakasadara.tests.postcircular.PrincipalRole -->
