<?xml version="1.0" encoding="UTF-8"?>
<!-- Generated by org.testng.reporters.JUnitReportReporter -->
<testsuite hostname="DESKTOP-5FP1T4C" failures="0" tests="3" name="org.karkakasadara.tests.reviewhomework.Principal" time="13.619" errors="0" timestamp="2024-11-19T12:42:29 IST" skipped="0">
  <testcase classname="org.karkakasadara.tests.reviewhomework.Principal" name="loginAsPrincipal" time="2.829"/>
  <system-out/>
  <testcase classname="org.karkakasadara.tests.reviewhomework.Principal" name="clickReviewHomework" time="0.485"/>
  <system-out/>
  <testcase classname="org.karkakasadara.tests.reviewhomework.Principal" name="clickOnEachGrade" time="10.305"/>
  <system-out/>
</testsuite> <!-- org.karkakasadara.tests.reviewhomework.Principal -->
