<?xml version="1.0" encoding="UTF-8"?>
<!-- Generated by org.testng.reporters.JUnitReportReporter -->
<testsuite hostname="DESKTOP-5FP1T4C" failures="0" tests="3" name="org.karkakasadara.tests.viewelog.Student" time="3.484" errors="0" timestamp="2024-11-19T13:35:36 IST" skipped="0">
  <testcase classname="org.karkakasadara.tests.viewelog.Student" name="loginAsAco" time="2.617"/>
  <system-out/>
  <testcase classname="org.karkakasadara.tests.viewelog.Student" name="clickViewElog" time="0.275"/>
  <system-out/>
  <testcase classname="org.karkakasadara.tests.viewelog.Student" name="displayElogRecords" time="0.592"/>
  <system-out/>
</testsuite> <!-- org.karkakasadara.tests.viewelog.Student -->
