<?xml version="1.0" encoding="UTF-8"?>
<!-- Generated by org.testng.reporters.JUnitReportReporter -->
<testsuite hostname="DESKTOP-5FP1T4C" failures="0" tests="5" name="org.karkakasadara.tests.previouselog.DirectorAcademics" time="16.145" errors="0" timestamp="2024-11-20T16:07:21 IST" skipped="0">
  <testcase classname="org.karkakasadara.tests.previouselog.DirectorAcademics" name="loginAsAco" time="2.625"/>
  <system-out/>
  <testcase classname="org.karkakasadara.tests.previouselog.DirectorAcademics" name="clickViewHomework" time="0.521"/>
  <system-out/>
  <testcase classname="org.karkakasadara.tests.previouselog.DirectorAcademics" name="selectFields" time="2.178"/>
  <system-out/>
  <testcase classname="org.karkakasadara.tests.previouselog.DirectorAcademics" name="selectDate" time="0.542"/>
  <system-out/>
  <testcase classname="org.karkakasadara.tests.previouselog.DirectorAcademics" name="displayPreviousElogRecords" time="10.279"/>
  <system-out/>
</testsuite> <!-- org.karkakasadara.tests.previouselog.DirectorAcademics -->
