<?xml version="1.0" encoding="UTF-8"?>
<!-- Generated by org.testng.reporters.JUnitReportReporter -->
<testsuite hostname="DESKTOP-5FP1T4C" failures="0" tests="4" name="org.karkakasadara.tests.viewpreviousdlm.KgClassTeacher" time="6.501" errors="0" timestamp="2024-11-20T14:37:28 IST" skipped="0">
  <testcase classname="org.karkakasadara.tests.viewpreviousdlm.KgClassTeacher" name="loginAsAco" time="2.588"/>
  <system-out/>
  <testcase classname="org.karkakasadara.tests.viewpreviousdlm.KgClassTeacher" name="clickViewPreviousDlm" time="0.277"/>
  <system-out/>
  <testcase classname="org.karkakasadara.tests.viewpreviousdlm.KgClassTeacher" name="selectDate" time="1.577"/>
  <system-out/>
  <testcase classname="org.karkakasadara.tests.viewpreviousdlm.KgClassTeacher" name="displayElogRecords" time="2.059"/>
  <system-out/>
</testsuite> <!-- org.karkakasadara.tests.viewpreviousdlm.KgClassTeacher -->
