<?xml version="1.0" encoding="UTF-8"?>
<!-- Generated by org.testng.reporters.JUnitReportReporter -->
<testsuite hostname="DESKTOP-5FP1T4C" failures="0" tests="4" name="org.karkakasadara.tests.viewelog.HeadCurriculum" time="12.241" errors="0" timestamp="2024-11-19T13:33:15 IST" skipped="0">
  <testcase classname="org.karkakasadara.tests.viewelog.HeadCurriculum" name="loginAsAco" time="2.539"/>
  <system-out/>
  <testcase classname="org.karkakasadara.tests.viewelog.HeadCurriculum" name="clickViewHomework" time="0.648"/>
  <system-out/>
  <testcase classname="org.karkakasadara.tests.viewelog.HeadCurriculum" name="selectFields" time="2.269"/>
  <system-out/>
  <testcase classname="org.karkakasadara.tests.viewelog.HeadCurriculum" name="displayElogRecords" time="6.785"/>
  <system-out/>
</testsuite> <!-- org.karkakasadara.tests.viewelog.HeadCurriculum -->
