<?xml version="1.0" encoding="UTF-8"?>
<!-- Generated by org.testng.reporters.JUnitReportReporter -->
<testsuite hostname="DESKTOP-5FP1T4C" failures="0" tests="3" name="org.karkakasadara.tests.viewhomework.Student" time="3.553" errors="0" timestamp="2024-11-19T12:26:34 IST" skipped="0">
  <testcase classname="org.karkakasadara.tests.viewhomework.Student" name="loginAsStudent" time="2.470"/>
  <system-out/>
  <testcase classname="org.karkakasadara.tests.viewhomework.Student" name="clickViewHomework" time="0.268"/>
  <system-out/>
  <testcase classname="org.karkakasadara.tests.viewhomework.Student" name="displayRecords" time="0.815"/>
  <system-out/>
</testsuite> <!-- org.karkakasadara.tests.viewhomework.Student -->
