<?xml version="1.0" encoding="UTF-8"?>
<!-- Generated by org.testng.reporters.JUnitReportReporter -->
<testsuite hostname="DESKTOP-5FP1T4C" failures="0" tests="4" name="normalcode.ViewElog" time="14.919" errors="0" timestamp="2024-11-19T12:09:28 IST" skipped="0">
  <testcase classname="normalcode.ViewElog" name="loginAsAco" time="3.050"/>
  <system-out/>
  <testcase classname="normalcode.ViewElog" name="clickViewHomework" time="0.482"/>
  <system-out/>
  <testcase classname="normalcode.ViewElog" name="selectGrade" time="1.112"/>
  <system-out/>
  <testcase classname="normalcode.ViewElog" name="displayElogRecords" time="10.275"/>
  <system-out/>
</testsuite> <!-- normalcode.ViewElog -->
