<?xml version="1.0" encoding="UTF-8"?>
<!-- Generated by org.testng.reporters.JUnitReportReporter -->
<testsuite hostname="DESKTOP-5FP1T4C" failures="0" tests="5" name="org.karkakasadara.tests.previouselog.Principal" time="16.170" errors="0" timestamp="2024-11-20T14:59:43 IST" skipped="0">
  <testcase classname="org.karkakasadara.tests.previouselog.Principal" name="loginAsAco" time="3.121"/>
  <system-out/>
  <testcase classname="org.karkakasadara.tests.previouselog.Principal" name="clickViewHomework" time="0.504"/>
  <system-out/>
  <testcase classname="org.karkakasadara.tests.previouselog.Principal" name="selectFields" time="1.661"/>
  <system-out/>
  <testcase classname="org.karkakasadara.tests.previouselog.Principal" name="selectDate" time="0.573"/>
  <system-out/>
  <testcase classname="org.karkakasadara.tests.previouselog.Principal" name="displayPreviousElogRecords" time="10.311"/>
  <system-out/>
</testsuite> <!-- org.karkakasadara.tests.previouselog.Principal -->
