<?xml version="1.0" encoding="UTF-8"?>
<!-- Generated by org.testng.reporters.JUnitReportReporter -->
<testsuite hostname="DESKTOP-5FP1T4C" failures="0" tests="4" name="org.karkakasadara.tests.viewpreviousdlm.KgStudent" time="6.462" errors="0" timestamp="2024-11-20T14:34:42 IST" skipped="0">
  <testcase classname="org.karkakasadara.tests.viewpreviousdlm.KgStudent" name="loginAsAco" time="2.515"/>
  <system-out/>
  <testcase classname="org.karkakasadara.tests.viewpreviousdlm.KgStudent" name="clickViewPreviousDlm" time="0.282"/>
  <system-out/>
  <testcase classname="org.karkakasadara.tests.viewpreviousdlm.KgStudent" name="selectDate" time="1.608"/>
  <system-out/>
  <testcase classname="org.karkakasadara.tests.viewpreviousdlm.KgStudent" name="displayElogRecords" time="2.057"/>
  <system-out/>
</testsuite> <!-- org.karkakasadara.tests.viewpreviousdlm.KgStudent -->
