<?xml version="1.0" encoding="UTF-8"?>
<!-- Generated by org.testng.reporters.JUnitReportReporter -->
<testsuite hostname="DESKTOP-5FP1T4C" failures="0" tests="3" name="org.karkakasadara.tests.viewhomework.AcoRole" time="14.225" errors="0" timestamp="2024-11-19T12:12:18 IST" skipped="0">
  <testcase classname="org.karkakasadara.tests.viewhomework.AcoRole" name="loginAsAco" time="2.893"/>
  <system-out/>
  <testcase classname="org.karkakasadara.tests.viewhomework.AcoRole" name="clickViewHomework" time="0.495"/>
  <system-out/>
  <testcase classname="org.karkakasadara.tests.viewhomework.AcoRole" name="displayHomeworkRecords" time="10.837"/>
  <system-out/>
</testsuite> <!-- org.karkakasadara.tests.viewhomework.AcoRole -->
