<?xml version="1.0" encoding="UTF-8"?>
<!-- Generated by org.testng.reporters.JUnitReportReporter -->
<testsuite hostname="DESKTOP-5FP1T4C" failures="0" tests="5" name="org.karkakasadara.tests.previouselog.AcoRole" time="16.074" errors="0" timestamp="2024-11-20T14:52:36 IST" skipped="0">
  <testcase classname="org.karkakasadara.tests.previouselog.AcoRole" name="loginAsAco" time="3.070"/>
  <system-out/>
  <testcase classname="org.karkakasadara.tests.previouselog.AcoRole" name="clickViewHomework" time="0.485"/>
  <system-out/>
  <testcase classname="org.karkakasadara.tests.previouselog.AcoRole" name="selectFields" time="1.670"/>
  <system-out/>
  <testcase classname="org.karkakasadara.tests.previouselog.AcoRole" name="selectDate" time="0.545"/>
  <system-out/>
  <testcase classname="org.karkakasadara.tests.previouselog.AcoRole" name="displayPreviousElogRecords" time="10.304"/>
  <system-out/>
</testsuite> <!-- org.karkakasadara.tests.previouselog.AcoRole -->
