<?xml version="1.0" encoding="UTF-8"?>
<!-- Generated by org.testng.reporters.JUnitReportReporter -->
<testsuite hostname="DESKTOP-5FP1T4C" failures="0" tests="6" name="org.karkakasadara.tests.assignhomework.Cscoordinator" time="8.017" errors="0" timestamp="2024-11-05T16:03:18 IST" skipped="0">
  <testcase classname="org.karkakasadara.tests.assignhomework.Cscoordinator" name="loginAsCscoordinator" time="2.709"/>
  <system-out/>
  <testcase classname="org.karkakasadara.tests.assignhomework.Cscoordinator" name="clickViewCircular" time="0.276"/>
  <system-out/>
  <testcase classname="org.karkakasadara.tests.assignhomework.Cscoordinator" name="selectDateFromCalendar" time="1.269"/>
  <system-out/>
  <testcase classname="org.karkakasadara.tests.assignhomework.Cscoordinator" name="chooseOptions" time="3.436"/>
  <system-out/>
  <testcase classname="org.karkakasadara.tests.assignhomework.Cscoordinator" name="passMessage" time="0.326"/>
  <system-out/>
  <testcase classname="org.karkakasadara.tests.assignhomework.Cscoordinator" name="clickProceed" time="0.001"/>
  <system-out/>
</testsuite> <!-- org.karkakasadara.tests.assignhomework.Cscoordinator -->
