<?xml version="1.0" encoding="UTF-8"?>
<!-- Generated by org.testng.reporters.JUnitReportReporter -->
<testsuite hostname="DESKTOP-5FP1T4C" failures="0" tests="3" name="org.karkakasadara.tests.viewannouncements.AcoRole" time="5.320" errors="0" timestamp="2024-10-28T16:25:14 IST" skipped="0">
  <testcase classname="org.karkakasadara.tests.viewannouncements.AcoRole" name="loginAsAco" time="3.176"/>
  <system-out/>
  <testcase classname="org.karkakasadara.tests.viewannouncements.AcoRole" name="clickViewCircular" time="0.500"/>
  <system-out/>
  <testcase classname="org.karkakasadara.tests.viewannouncements.AcoRole" name="displayTodayAnnouncementRecords" time="1.644"/>
  <system-out/>
</testsuite> <!-- org.karkakasadara.tests.viewannouncements.AcoRole -->
