<?xml version="1.0" encoding="UTF-8"?>
<!-- Generated by org.testng.reporters.JUnitReportReporter -->
<testsuite hostname="DESKTOP-5FP1T4C" failures="0" tests="5" name="org.karkakasadara.tests.viewdlm.KgAco" time="7.479" errors="0" timestamp="2024-11-19T16:28:42 IST" skipped="0">
  <testcase classname="org.karkakasadara.tests.viewdlm.KgAco" name="loginAsAco" time="2.678"/>
  <system-out/>
  <testcase classname="org.karkakasadara.tests.viewdlm.KgAco" name="clickViewHomework" time="0.292"/>
  <system-out/>
  <testcase classname="org.karkakasadara.tests.viewdlm.KgAco" name="selectGrade" time="1.565"/>
  <system-out/>
  <testcase classname="org.karkakasadara.tests.viewdlm.KgAco" name="selectDate" time="0.558"/>
  <system-out/>
  <testcase classname="org.karkakasadara.tests.viewdlm.KgAco" name="displayDlmRecords" time="2.386"/>
  <system-out/>
</testsuite> <!-- org.karkakasadara.tests.viewdlm.KgAco -->
