<?xml version="1.0" encoding="UTF-8"?>
<!-- Generated by org.testng.reporters.JUnitReportReporter -->
<testsuite hostname="DESKTOP-5FP1T4C" failures="0" tests="5" name="org.karkakasadara.tests.previouselog.Ceo" time="8.706" errors="0" timestamp="2024-11-20T16:21:54 IST" skipped="0">
  <testcase classname="org.karkakasadara.tests.previouselog.Ceo" name="loginAsAco" time="2.565"/>
  <system-out/>
  <testcase classname="org.karkakasadara.tests.previouselog.Ceo" name="clickViewHomework" time="0.560"/>
  <system-out/>
  <testcase classname="org.karkakasadara.tests.previouselog.Ceo" name="selectFields" time="2.921"/>
  <system-out/>
  <testcase classname="org.karkakasadara.tests.previouselog.Ceo" name="selectDate" time="0.556"/>
  <system-out/>
  <testcase classname="org.karkakasadara.tests.previouselog.Ceo" name="displayPreviousElogRecords" time="2.104"/>
  <system-out/>
</testsuite> <!-- org.karkakasadara.tests.previouselog.Ceo -->
