<?xml version="1.0" encoding="UTF-8"?>
<!-- Generated by org.testng.reporters.JUnitReportReporter -->
<testsuite hostname="DESKTOP-5FP1T4C" failures="0" tests="5" name="org.karkakasadara.tests.previouselog.HeadCurriculum" time="7.917" errors="0" timestamp="2024-11-20T16:25:09 IST" skipped="0">
  <testcase classname="org.karkakasadara.tests.previouselog.HeadCurriculum" name="loginAsAco" time="1.866"/>
  <system-out/>
  <testcase classname="org.karkakasadara.tests.previouselog.HeadCurriculum" name="clickViewHomework" time="0.557"/>
  <system-out/>
  <testcase classname="org.karkakasadara.tests.previouselog.HeadCurriculum" name="selectFields" time="2.774"/>
  <system-out/>
  <testcase classname="org.karkakasadara.tests.previouselog.HeadCurriculum" name="selectDate" time="0.593"/>
  <system-out/>
  <testcase classname="org.karkakasadara.tests.previouselog.HeadCurriculum" name="displayPreviousElogRecords" time="2.127"/>
  <system-out/>
</testsuite> <!-- org.karkakasadara.tests.previouselog.HeadCurriculum -->
