<?xml version="1.0" encoding="UTF-8"?>
<!-- Generated by org.testng.reporters.JUnitReportReporter -->
<testsuite hostname="DESKTOP-5FP1T4C" failures="0" tests="6" name="org.karkakasadara.tests.assignhomework.ClassTeacher" time="6.788" errors="0" timestamp="2024-11-05T14:56:20 IST" skipped="0">
  <testcase classname="org.karkakasadara.tests.assignhomework.ClassTeacher" name="loginAsClassTeacher" time="2.618"/>
  <system-out/>
  <testcase classname="org.karkakasadara.tests.assignhomework.ClassTeacher" name="clickViewCircular" time="0.277"/>
  <system-out/>
  <testcase classname="org.karkakasadara.tests.assignhomework.ClassTeacher" name="selectDateFromCalendar" time="1.239"/>
  <system-out/>
  <testcase classname="org.karkakasadara.tests.assignhomework.ClassTeacher" name="chooseOptions" time="2.364"/>
  <system-out/>
  <testcase classname="org.karkakasadara.tests.assignhomework.ClassTeacher" name="passMessage" time="0.289"/>
  <system-out/>
  <testcase classname="org.karkakasadara.tests.assignhomework.ClassTeacher" name="clickProceed" time="0.001"/>
  <system-out/>
</testsuite> <!-- org.karkakasadara.tests.assignhomework.ClassTeacher -->
