<?xml version="1.0" encoding="UTF-8"?>
<!-- Generated by org.testng.reporters.JUnitReportReporter -->
<testsuite hostname="DESKTOP-5FP1T4C" failures="0" tests="4" name="org.karkakasadara.tests.viewelog.Principal" time="6.032" errors="0" timestamp="2024-11-19T13:34:55 IST" skipped="0">
  <testcase classname="org.karkakasadara.tests.viewelog.Principal" name="loginAsAco" time="3.061"/>
  <system-out/>
  <testcase classname="org.karkakasadara.tests.viewelog.Principal" name="clickViewHomework" time="0.497"/>
  <system-out/>
  <testcase classname="org.karkakasadara.tests.viewelog.Principal" name="selectGrade" time="1.130"/>
  <system-out/>
  <testcase classname="org.karkakasadara.tests.viewelog.Principal" name="displayElogRecords" time="1.344"/>
  <system-out/>
</testsuite> <!-- org.karkakasadara.tests.viewelog.Principal -->
