<?xml version="1.0" encoding="UTF-8"?>
<!-- Generated by org.testng.reporters.JUnitReportReporter -->
<testsuite hostname="DESKTOP-5FP1T4C" failures="0" tests="3" name="org.karkakasadara.tests.viewcircular.TeacherRole" time="5.506" errors="0" timestamp="2024-10-26T10:00:54 IST" skipped="0">
  <testcase classname="org.karkakasadara.tests.viewcircular.TeacherRole" name="loginAsAco" time="2.807"/>
  <system-out/>
  <testcase classname="org.karkakasadara.tests.viewcircular.TeacherRole" name="clickViewCircular" time="0.494"/>
  <system-out/>
  <testcase classname="org.karkakasadara.tests.viewcircular.TeacherRole" name="displayTodayRecords" time="2.205"/>
  <system-out/>
</testsuite> <!-- org.karkakasadara.tests.viewcircular.TeacherRole -->
