<?xml version="1.0" encoding="UTF-8"?>
<!-- Generated by org.testng.reporters.JUnitReportReporter -->
<testsuite hostname="DESKTOP-5FP1T4C" failures="0" tests="5" name="org.karkakasadara.tests.addelog.AcoRole" time="17.631" errors="0" timestamp="2024-11-15T11:41:33 IST" skipped="0">
  <testcase classname="org.karkakasadara.tests.addelog.AcoRole" name="loginAsAco" time="3.192"/>
  <system-out/>
  <testcase classname="org.karkakasadara.tests.addelog.AcoRole" name="clickViewHomework" time="0.498"/>
  <system-out/>
  <testcase classname="org.karkakasadara.tests.addelog.AcoRole" name="selectGradeSection" time="1.773"/>
  <system-out/>
  <testcase classname="org.karkakasadara.tests.addelog.AcoRole" name="enterPeriodwiseRecords" time="11.721"/>
  <system-out/>
  <testcase classname="org.karkakasadara.tests.addelog.AcoRole" name="clickSaveandPreview" time="0.447"/>
  <system-out/>
</testsuite> <!-- org.karkakasadara.tests.addelog.AcoRole -->
