<?xml version="1.0" encoding="UTF-8"?>
<!-- Generated by org.testng.reporters.JUnitReportReporter -->
<testsuite hostname="DESKTOP-5FP1T4C" failures="0" tests="3" name="normalcode.calendar" time="4.341" errors="0" timestamp="2024-10-25T14:23:31 IST" skipped="0">
  <testcase classname="normalcode.calendar" name="loginAsAco" time="2.449"/>
  <system-out/>
  <testcase classname="normalcode.calendar" name="viewAllHomework" time="0.317"/>
  <system-out/>
  <testcase classname="normalcode.calendar" name="selectDateFromCalendar" time="1.575"/>
  <system-out/>
</testsuite> <!-- normalcode.calendar -->
