<?xml version="1.0" encoding="UTF-8"?>
<!-- Generated by org.testng.reporters.JUnitReportReporter -->
<testsuite hostname="DESKTOP-5FP1T4C" failures="0" tests="4" name="org.karkakasadara.tests.addelog.ClassTeacher" time="3.770" errors="0" timestamp="2024-11-15T12:15:49 IST" skipped="0">
  <testcase classname="org.karkakasadara.tests.addelog.ClassTeacher" name="loginAsAco" time="2.646"/>
  <system-out/>
  <testcase classname="org.karkakasadara.tests.addelog.ClassTeacher" name="clickViewHomework" time="0.269"/>
  <system-out/>
  <testcase classname="org.karkakasadara.tests.addelog.ClassTeacher" name="enterPeriodwiseRecords" time="0.008"/>
  <system-out/>
  <testcase classname="org.karkakasadara.tests.addelog.ClassTeacher" name="clickSaveandPreview" time="0.847"/>
  <system-out/>
</testsuite> <!-- org.karkakasadara.tests.addelog.ClassTeacher -->
