<?xml version="1.0" encoding="UTF-8"?>
<!-- Generated by org.testng.reporters.JUnitReportReporter -->
<testsuite hostname="DESKTOP-5FP1T4C" failures="0" tests="3" name="org.karkakasadara.tests.viewannouncements.StudentRole" time="3.483" errors="0" timestamp="2024-11-04T16:48:14 IST" skipped="0">
  <testcase classname="org.karkakasadara.tests.viewannouncements.StudentRole" name="loginAsAco" time="2.591"/>
  <system-out/>
  <testcase classname="org.karkakasadara.tests.viewannouncements.StudentRole" name="clickViewCircular" time="0.256"/>
  <system-out/>
  <testcase classname="org.karkakasadara.tests.viewannouncements.StudentRole" name="displayTodayAnnouncementRecords" time="0.636"/>
  <system-out/>
</testsuite> <!-- org.karkakasadara.tests.viewannouncements.StudentRole -->
