<?xml version="1.0" encoding="UTF-8"?>
<!-- Generated by org.testng.reporters.JUnitReportReporter -->
<testsuite hostname="DESKTOP-5FP1T4C" failures="0" tests="3" name="org.karkakasadara.tests.viewannouncements.ClassTeacher" time="4.006" errors="0" timestamp="2024-11-04T16:55:58 IST" skipped="0">
  <testcase classname="org.karkakasadara.tests.viewannouncements.ClassTeacher" name="loginAsClassTeacher" time="2.534"/>
  <system-out/>
  <testcase classname="org.karkakasadara.tests.viewannouncements.ClassTeacher" name="clickViewCircular" time="0.302"/>
  <system-out/>
  <testcase classname="org.karkakasadara.tests.viewannouncements.ClassTeacher" name="displayTodayAnnouncementRecords" time="1.170"/>
  <system-out/>
</testsuite> <!-- org.karkakasadara.tests.viewannouncements.ClassTeacher -->
