<?xml version="1.0" encoding="UTF-8"?>
<!-- Generated by org.testng.reporters.JUnitReportReporter -->
<testsuite hostname="DESKTOP-5FP1T4C" failures="0" tests="4" name="org.karkakasadara.tests.postannouncements.ClassTeacher" time="4.115" errors="0" timestamp="2024-11-06T14:51:37 IST" skipped="0">
  <testcase classname="org.karkakasadara.tests.postannouncements.ClassTeacher" name="loginAsClassTeacher" time="2.566"/>
  <system-out/>
  <testcase classname="org.karkakasadara.tests.postannouncements.ClassTeacher" name="clickPostAnnouncements" time="0.309"/>
  <system-out/>
  <testcase classname="org.karkakasadara.tests.postannouncements.ClassTeacher" name="enterFields" time="1.239"/>
  <system-out/>
  <testcase classname="org.karkakasadara.tests.postannouncements.ClassTeacher" name="clickSubmit" time="0.001"/>
  <system-out/>
</testsuite> <!-- org.karkakasadara.tests.postannouncements.ClassTeacher -->
