<?xml version="1.0" encoding="UTF-8"?>
<!-- Generated by org.testng.reporters.JUnitReportReporter -->
<testsuite hostname="DESKTOP-5FP1T4C" failures="0" tests="4" name="org.karkakasadara.tests.viewallhomework.ClassTeacher" time="14.655" errors="0" timestamp="2024-11-19T13:02:11 IST" skipped="0">
  <testcase classname="org.karkakasadara.tests.viewallhomework.ClassTeacher" name="loginAsAco" time="2.529"/>
  <system-out/>
  <testcase classname="org.karkakasadara.tests.viewallhomework.ClassTeacher" name="clickViewHomework" time="0.284"/>
  <system-out/>
  <testcase classname="org.karkakasadara.tests.viewallhomework.ClassTeacher" name="selectDateFromCalendar" time="1.561"/>
  <system-out/>
  <testcase classname="org.karkakasadara.tests.viewallhomework.ClassTeacher" name="displayHomeworkRecords" time="10.281"/>
  <system-out/>
</testsuite> <!-- org.karkakasadara.tests.viewallhomework.ClassTeacher -->
