<?xml version="1.0" encoding="UTF-8"?>
<!-- Generated by org.testng.reporters.JUnitReportReporter -->
<testsuite hostname="DESKTOP-5FP1T4C" failures="0" tests="4" name="org.karkakasadara.tests.viewelog.DirectorAcademics" time="13.936" errors="0" timestamp="2024-11-18T13:08:24 IST" skipped="0">
  <testcase classname="org.karkakasadara.tests.viewelog.DirectorAcademics" name="loginAsAco" time="2.441"/>
  <system-out/>
  <testcase classname="org.karkakasadara.tests.viewelog.DirectorAcademics" name="clickViewHomework" time="0.502"/>
  <system-out/>
  <testcase classname="org.karkakasadara.tests.viewelog.DirectorAcademics" name="selectFields" time="1.686"/>
  <system-out/>
  <testcase classname="org.karkakasadara.tests.viewelog.DirectorAcademics" name="displayElogRecords" time="9.307"/>
  <system-out/>
</testsuite> <!-- org.karkakasadara.tests.viewelog.DirectorAcademics -->
