<?xml version="1.0" encoding="UTF-8"?>
<!-- Generated by org.testng.reporters.JUnitReportReporter -->
<testsuite hostname="DESKTOP-5FP1T4C" failures="0" tests="3" name="org.karkakasadara.tests.viewhomework.TeacherRole" time="253.093" errors="0" timestamp="2024-11-12T15:04:26 IST" skipped="0">
  <testcase classname="org.karkakasadara.tests.viewhomework.TeacherRole" name="loginAsTeacher" time="2.553"/>
  <system-out/>
  <testcase classname="org.karkakasadara.tests.viewhomework.TeacherRole" name="clickViewHomework" time="0.273"/>
  <system-out/>
  <testcase classname="org.karkakasadara.tests.viewhomework.TeacherRole" name="displayHomeworkRecords" time="250.267"/>
  <system-out/>
</testsuite> <!-- org.karkakasadara.tests.viewhomework.TeacherRole -->
