<?xml version="1.0" encoding="UTF-8"?>
<!-- Generated by org.testng.reporters.JUnitReportReporter -->
<testsuite hostname="DESKTOP-5FP1T4C" failures="0" tests="4" name="org.karkakasadara.tests.viewallhomework.Principal" time="15.339" errors="0" timestamp="2024-11-19T13:07:33 IST" skipped="0">
  <testcase classname="org.karkakasadara.tests.viewallhomework.Principal" name="loginAsAco" time="2.917"/>
  <system-out/>
  <testcase classname="org.karkakasadara.tests.viewallhomework.Principal" name="clickViewHomework" time="0.523"/>
  <system-out/>
  <testcase classname="org.karkakasadara.tests.viewallhomework.Principal" name="selectDateFromCalendar" time="1.606"/>
  <system-out/>
  <testcase classname="org.karkakasadara.tests.viewallhomework.Principal" name="displayHomeworkRecords" time="10.293"/>
  <system-out/>
</testsuite> <!-- org.karkakasadara.tests.viewallhomework.Principal -->
