<?xml version="1.0" encoding="UTF-8"?>
<!-- Generated by org.testng.reporters.JUnitReportReporter -->
<testsuite hostname="DESKTOP-5FP1T4C" failures="0" tests="5" name="org.karkakasadara.tests.previouselog.Cscoordinator" time="15.564" errors="0" timestamp="2024-11-21T18:33:50 IST" skipped="0">
  <testcase classname="org.karkakasadara.tests.previouselog.Cscoordinator" name="loginAsAco" time="2.613"/>
  <system-out/>
  <testcase classname="org.karkakasadara.tests.previouselog.Cscoordinator" name="clickViewHomework" time="0.271"/>
  <system-out/>
  <testcase classname="org.karkakasadara.tests.previouselog.Cscoordinator" name="selectFields" time="1.795"/>
  <system-out/>
  <testcase classname="org.karkakasadara.tests.previouselog.Cscoordinator" name="selectDate" time="0.587"/>
  <system-out/>
  <testcase classname="org.karkakasadara.tests.previouselog.Cscoordinator" name="displayPreviousElogRecords" time="10.298"/>
  <system-out/>
</testsuite> <!-- org.karkakasadara.tests.previouselog.Cscoordinator -->
