<?xml version="1.0" encoding="UTF-8"?>
<!-- Generated by org.testng.reporters.JUnitReportReporter -->
<testsuite hostname="DESKTOP-5FP1T4C" failures="0" tests="4" name="org.karkakasadara.tests.viewelog.AcoRole" time="14.973" errors="0" timestamp="2024-11-19T13:17:57 IST" skipped="0">
  <testcase classname="org.karkakasadara.tests.viewelog.AcoRole" name="loginAsAco" time="3.049"/>
  <system-out/>
  <testcase classname="org.karkakasadara.tests.viewelog.AcoRole" name="clickViewHomework" time="0.490"/>
  <system-out/>
  <testcase classname="org.karkakasadara.tests.viewelog.AcoRole" name="selectGrade" time="1.107"/>
  <system-out/>
  <testcase classname="org.karkakasadara.tests.viewelog.AcoRole" name="displayElogRecords" time="10.327"/>
  <system-out/>
</testsuite> <!-- org.karkakasadara.tests.viewelog.AcoRole -->
