<?xml version="1.0" encoding="UTF-8"?>
<!-- Generated by org.testng.reporters.JUnitReportReporter -->
<testsuite hostname="DESKTOP-5FP1T4C" failures="0" tests="4" name="org.karkakasadara.tests.viewallhomework.CsCoordinator" time="15.430" errors="0" timestamp="2024-11-19T13:05:38 IST" skipped="0">
  <testcase classname="org.karkakasadara.tests.viewallhomework.CsCoordinator" name="loginAsAco" time="3.085"/>
  <system-out/>
  <testcase classname="org.karkakasadara.tests.viewallhomework.CsCoordinator" name="clickViewHomework" time="0.486"/>
  <system-out/>
  <testcase classname="org.karkakasadara.tests.viewallhomework.CsCoordinator" name="selectDateFromCalendar" time="1.557"/>
  <system-out/>
  <testcase classname="org.karkakasadara.tests.viewallhomework.CsCoordinator" name="displayHomeworkRecords" time="10.302"/>
  <system-out/>
</testsuite> <!-- org.karkakasadara.tests.viewallhomework.CsCoordinator -->
